d:\projects\ds\ds\tools\xlua-build\build64\xlua.dir\debug\lzio.obj
d:\projects\ds\ds\tools\xlua-build\build64\xlua.dir\debug\lvm.obj
d:\projects\ds\ds\tools\xlua-build\build64\xlua.dir\debug\lundump.obj
d:\projects\ds\ds\tools\xlua-build\build64\xlua.dir\debug\ltm.obj
d:\projects\ds\ds\tools\xlua-build\build64\xlua.dir\debug\ltable.obj
d:\projects\ds\ds\tools\xlua-build\build64\xlua.dir\debug\lstring.obj
d:\projects\ds\ds\tools\xlua-build\build64\xlua.dir\debug\lstate.obj
d:\projects\ds\ds\tools\xlua-build\build64\xlua.dir\debug\lparser.obj
d:\projects\ds\ds\tools\xlua-build\build64\xlua.dir\debug\lopcodes.obj
d:\projects\ds\ds\tools\xlua-build\build64\xlua.dir\debug\lobject.obj
d:\projects\ds\ds\tools\xlua-build\build64\xlua.dir\debug\lmem.obj
d:\projects\ds\ds\tools\xlua-build\build64\xlua.dir\debug\llex.obj
d:\projects\ds\ds\tools\xlua-build\build64\xlua.dir\debug\lgc.obj
d:\projects\ds\ds\tools\xlua-build\build64\xlua.dir\debug\lfunc.obj
d:\projects\ds\ds\tools\xlua-build\build64\xlua.dir\debug\ldump.obj
d:\projects\ds\ds\tools\xlua-build\build64\xlua.dir\debug\ldo.obj
d:\projects\ds\ds\tools\xlua-build\build64\xlua.dir\debug\ldebug.obj
d:\projects\ds\ds\tools\xlua-build\build64\xlua.dir\debug\lctype.obj
d:\projects\ds\ds\tools\xlua-build\build64\xlua.dir\debug\lcode.obj
d:\projects\ds\ds\tools\xlua-build\build64\xlua.dir\debug\lapi.obj
d:\projects\ds\ds\tools\xlua-build\build64\xlua.dir\debug\memory_leak_checker.obj
d:\projects\ds\ds\tools\xlua-build\build64\xlua.dir\debug\xlua.obj
d:\projects\ds\ds\tools\xlua-build\build64\xlua.dir\debug\perflib.obj
d:\projects\ds\ds\tools\xlua-build\build64\xlua.dir\debug\i64lib.obj
d:\projects\ds\ds\tools\xlua-build\build64\xlua.dir\debug\loadlib.obj
d:\projects\ds\ds\tools\xlua-build\build64\xlua.dir\debug\lutf8lib.obj
d:\projects\ds\ds\tools\xlua-build\build64\xlua.dir\debug\linit.obj
d:\projects\ds\ds\tools\xlua-build\build64\xlua.dir\debug\ltablib.obj
d:\projects\ds\ds\tools\xlua-build\build64\xlua.dir\debug\lstrlib.obj
d:\projects\ds\ds\tools\xlua-build\build64\xlua.dir\debug\loslib.obj
d:\projects\ds\ds\tools\xlua-build\build64\xlua.dir\debug\lmathlib.obj
d:\projects\ds\ds\tools\xlua-build\build64\xlua.dir\debug\liolib.obj
d:\projects\ds\ds\tools\xlua-build\build64\xlua.dir\debug\ldblib.obj
d:\projects\ds\ds\tools\xlua-build\build64\xlua.dir\debug\lcorolib.obj
d:\projects\ds\ds\tools\xlua-build\build64\xlua.dir\debug\lbitlib.obj
d:\projects\ds\ds\tools\xlua-build\build64\xlua.dir\debug\lbaselib.obj
d:\projects\ds\ds\tools\xlua-build\build64\xlua.dir\debug\lauxlib.obj
d:\projects\ds\ds\tools\xlua-build\build64\xlua.dir\debug\wsocket.obj
d:\projects\ds\ds\tools\xlua-build\build64\xlua.dir\debug\udp.obj
d:\projects\ds\ds\tools\xlua-build\build64\xlua.dir\debug\timeout.obj
d:\projects\ds\ds\tools\xlua-build\build64\xlua.dir\debug\tcp.obj
d:\projects\ds\ds\tools\xlua-build\build64\xlua.dir\debug\select.obj
d:\projects\ds\ds\tools\xlua-build\build64\xlua.dir\debug\options.obj
d:\projects\ds\ds\tools\xlua-build\build64\xlua.dir\debug\mime.obj
d:\projects\ds\ds\tools\xlua-build\build64\xlua.dir\debug\luasocket.obj
d:\projects\ds\ds\tools\xlua-build\build64\xlua.dir\debug\io.obj
d:\projects\ds\ds\tools\xlua-build\build64\xlua.dir\debug\inet.obj
d:\projects\ds\ds\tools\xlua-build\build64\xlua.dir\debug\except.obj
d:\projects\ds\ds\tools\xlua-build\build64\xlua.dir\debug\buffer.obj
d:\projects\ds\ds\tools\xlua-build\build64\xlua.dir\debug\auxiliar.obj
d:\projects\ds\ds\tools\xlua-build\build64\cmakefiles\generate.stamp
d:\projects\ds\ds\tools\xlua-build\build64\debug\xlua.ilk
d:\projects\ds\ds\tools\xlua-build\build64\debug\xlua.dll
d:\projects\ds\ds\tools\xlua-build\build64\debug\xlua.pdb
d:\projects\ds\ds\tools\xlua-build\build64\debug\xlua.lib
d:\projects\ds\ds\tools\xlua-build\build64\debug\xlua.exp
d:\projects\ds\ds\tools\xlua-build\build64\xlua.dir\debug\xlua.tlog\cl.command.1.tlog
d:\projects\ds\ds\tools\xlua-build\build64\xlua.dir\debug\xlua.tlog\cl.read.1.tlog
d:\projects\ds\ds\tools\xlua-build\build64\xlua.dir\debug\xlua.tlog\cl.write.1.tlog
d:\projects\ds\ds\tools\xlua-build\build64\xlua.dir\debug\xlua.tlog\custombuild.command.1.tlog
d:\projects\ds\ds\tools\xlua-build\build64\xlua.dir\debug\xlua.tlog\custombuild.read.1.tlog
d:\projects\ds\ds\tools\xlua-build\build64\xlua.dir\debug\xlua.tlog\custombuild.write.1.tlog
d:\projects\ds\ds\tools\xlua-build\build64\xlua.dir\debug\xlua.tlog\link.command.1.tlog
d:\projects\ds\ds\tools\xlua-build\build64\xlua.dir\debug\xlua.tlog\link.read.1.tlog
d:\projects\ds\ds\tools\xlua-build\build64\xlua.dir\debug\xlua.tlog\link.write.1.tlog
d:\projects\ds\ds\tools\xlua-build\build64\xlua.dir\debug\xlua.tlog\xlua.write.1u.tlog
